app/manifest-merger-release-report.txt
-- Merging decision tree log ---
manifest
ADDED from AndroidManifest.xml:2:1
	xmlns:android
		ADDED from AndroidManifest.xml:2:11
	package
		ADDED from AndroidManifest.xml:3:5
		INJECTED from AndroidManifest.xml:0:0
		INJECTED from AndroidManifest.xml:0:0
	android:versionName
		INJECTED from AndroidManifest.xml:0:0
		INJECTED from AndroidManifest.xml:0:0
	android:versionCode
		INJECTED from AndroidManifest.xml:0:0
		INJECTED from AndroidManifest.xml:0:0
uses-permission#android.permission.INTERNET
ADDED from AndroidManifest.xml:5:5
MERGED from com.crashlytics.sdk.android:crashlytics:2.3.2:9:5
MERGED from com.crashlytics.sdk.android:crashlytics-core:2.3.2:9:5
	android:name
		ADDED from AndroidManifest.xml:5:22
uses-permission#android.permission.ACCESS_NETWORK_STATE
ADDED from AndroidManifest.xml:6:5
	android:name
		ADDED from AndroidManifest.xml:6:22
uses-permission#android.permission.BLUETOOTH_ADMIN
ADDED from AndroidManifest.xml:7:5
	android:name
		ADDED from AndroidManifest.xml:7:22
uses-permission#android.permission.BLUETOOTH
ADDED from AndroidManifest.xml:8:5
	android:name
		ADDED from AndroidManifest.xml:8:22
uses-permission#android.permission.WRITE_EXTERNAL_STORAGE
ADDED from AndroidManifest.xml:9:5
	android:name
		ADDED from AndroidManifest.xml:9:22
uses-permission#android.permission.ACCESS_LOCATION
ADDED from AndroidManifest.xml:10:5
	android:name
		ADDED from AndroidManifest.xml:10:22
uses-permission#android.permission.ACCESS_COARSE_LOCATION
ADDED from AndroidManifest.xml:11:5
	android:name
		ADDED from AndroidManifest.xml:11:22
uses-permission#android.permission.ACCESS_FINE_LOCATION
ADDED from AndroidManifest.xml:12:5
	android:name
		ADDED from AndroidManifest.xml:12:22
uses-permission#android.permission.CAMERA
ADDED from AndroidManifest.xml:13:5
MERGED from com.embarkmobile:zxing-android-minimal:1.2.1:19:3
	android:name
		ADDED from AndroidManifest.xml:13:22
uses-permission#android.permission.CLEAR_APP_CACHE
ADDED from AndroidManifest.xml:14:5
	android:name
		ADDED from AndroidManifest.xml:14:22
uses-permission#android.permission.READ_PHONE_STATE
ADDED from AndroidManifest.xml:15:5
	android:name
		ADDED from AndroidManifest.xml:15:22
application
ADDED from AndroidManifest.xml:17:5
MERGED from com.android.support:appcompat-v7:21.0.3:16:5
MERGED from com.android.support:support-v4:21.0.3:16:5
MERGED from com.google.android.gms:play-services:6.5.87:20:5
MERGED from com.android.support:support-v4:21.0.3:16:5
MERGED from com.embarkmobile:zxing-android-minimal:1.2.1:43:3
MERGED from com.crashlytics.sdk.android:crashlytics:2.3.2:11:5
MERGED from com.crashlytics.sdk.android:answers:1.2.2:9:5
MERGED from io.fabric.sdk.android:fabric:1.3.3:25:5
MERGED from io.fabric.sdk.android:fabric:1.3.3:25:5
MERGED from com.crashlytics.sdk.android:crashlytics-core:2.3.2:11:5
MERGED from com.crashlytics.sdk.android:answers:1.2.2:9:5
MERGED from io.fabric.sdk.android:fabric:1.3.3:25:5
MERGED from io.fabric.sdk.android:fabric:1.3.3:25:5
MERGED from com.crashlytics.sdk.android:beta:1.1.2:9:5
MERGED from com.github.worker8:tourguide:1.0.10-SNAPSHOT:11:5
MERGED from com.android.support:appcompat-v7:21.0.3:16:5
MERGED from com.android.support:support-v4:21.0.3:16:5
MERGED from net.i2p.android.ext:floatingactionbutton:1.9.0:12:5
	android:label
		ADDED from AndroidManifest.xml:20:9
	android:allowBackup
		ADDED from AndroidManifest.xml:18:9
	android:icon
		ADDED from AndroidManifest.xml:19:9
	android:theme
		ADDED from AndroidManifest.xml:21:9
activity#com.photosynq.app.LoginActivity
ADDED from AndroidManifest.xml:22:9
	android:windowSoftInputMode
		ADDED from AndroidManifest.xml:27:13
	android:screenOrientation
		ADDED from AndroidManifest.xml:26:13
	android:noHistory
		ADDED from AndroidManifest.xml:25:13
	android:label
		ADDED from AndroidManifest.xml:24:13
	android:name
		ADDED from AndroidManifest.xml:23:13
intent-filter#android.intent.action.MAIN+android.intent.category.LAUNCHER
ADDED from AndroidManifest.xml:28:13
action#android.intent.action.MAIN
ADDED from AndroidManifest.xml:29:17
	android:name
		ADDED from AndroidManifest.xml:29:25
category#android.intent.category.LAUNCHER
ADDED from AndroidManifest.xml:31:17
	android:name
		ADDED from AndroidManifest.xml:31:27
activity#com.photosynq.app.MainActivity
ADDED from AndroidManifest.xml:34:9
	android:screenOrientation
		ADDED from AndroidManifest.xml:38:13
	android:label
		ADDED from AndroidManifest.xml:36:13
	android:name
		ADDED from AndroidManifest.xml:35:13
	android:launchMode
		ADDED from AndroidManifest.xml:37:13
intent-filter#android.intent.action.SEARCH
ADDED from AndroidManifest.xml:39:13
action#android.intent.action.SEARCH
ADDED from AndroidManifest.xml:40:17
	android:name
		ADDED from AndroidManifest.xml:40:25
meta-data#android.app.searchable
ADDED from AndroidManifest.xml:43:13
	android:resource
		ADDED from AndroidManifest.xml:45:17
	android:name
		ADDED from AndroidManifest.xml:44:17
activity#com.photosynq.app.QuickMeasurmentActivity
ADDED from AndroidManifest.xml:47:9
	android:screenOrientation
		ADDED from AndroidManifest.xml:51:13
	android:label
		ADDED from AndroidManifest.xml:49:13
	android:parentActivityName
		ADDED from AndroidManifest.xml:50:13
	android:name
		ADDED from AndroidManifest.xml:48:13
meta-data#android.support.PARENT_ACTIVITY
ADDED from AndroidManifest.xml:52:13
	android:name
		ADDED from AndroidManifest.xml:53:17
	android:value
		ADDED from AndroidManifest.xml:54:17
activity#com.photosynq.app.DisplayResultsActivity
ADDED from AndroidManifest.xml:56:9
	android:screenOrientation
		ADDED from AndroidManifest.xml:60:13
	android:label
		ADDED from AndroidManifest.xml:58:13
	android:parentActivityName
		ADDED from AndroidManifest.xml:59:13
	android:name
		ADDED from AndroidManifest.xml:57:13
activity#com.photosynq.app.ProjectDetailsActivity
ADDED from AndroidManifest.xml:65:9
	android:screenOrientation
		ADDED from AndroidManifest.xml:69:13
	android:label
		ADDED from AndroidManifest.xml:67:13
	android:parentActivityName
		ADDED from AndroidManifest.xml:68:13
	android:name
		ADDED from AndroidManifest.xml:66:13
activity#com.photosynq.app.ProjectMeasurmentActivity
ADDED from AndroidManifest.xml:74:9
	android:windowSoftInputMode
		ADDED from AndroidManifest.xml:78:13
	android:screenOrientation
		ADDED from AndroidManifest.xml:77:13
	android:parentActivityName
		ADDED from AndroidManifest.xml:76:13
	android:name
		ADDED from AndroidManifest.xml:75:13
activity#com.photosynq.app.ProjectDataActivity
ADDED from AndroidManifest.xml:83:9
	android:windowSoftInputMode
		ADDED from AndroidManifest.xml:87:13
	android:screenOrientation
		ADDED from AndroidManifest.xml:86:13
	android:label
		ADDED from AndroidManifest.xml:85:13
	android:name
		ADDED from AndroidManifest.xml:84:13
activity#com.photosynq.app.DirectionsActivity
ADDED from AndroidManifest.xml:89:9
	android:windowSoftInputMode
		ADDED from AndroidManifest.xml:93:13
	android:screenOrientation
		ADDED from AndroidManifest.xml:92:13
	android:label
		ADDED from AndroidManifest.xml:91:13
	android:name
		ADDED from AndroidManifest.xml:90:13
receiver#com.photosynq.app.utils.AlarmReceiver
ADDED from AndroidManifest.xml:96:9
	android:name
		ADDED from AndroidManifest.xml:96:19
activity#com.photosynq.app.DisplayCachedDataPoints
ADDED from AndroidManifest.xml:98:9
	android:windowSoftInputMode
		ADDED from AndroidManifest.xml:102:13
	android:screenOrientation
		ADDED from AndroidManifest.xml:101:13
	android:label
		ADDED from AndroidManifest.xml:100:13
	android:name
		ADDED from AndroidManifest.xml:99:13
meta-data#io.fabric.ApiKey
ADDED from AndroidManifest.xml:104:9
	android:name
		ADDED from AndroidManifest.xml:105:13
	android:value
		ADDED from AndroidManifest.xml:106:13
uses-sdk
INJECTED from AndroidManifest.xml:0:0 reason: use-sdk injection requested
MERGED from com.android.support:appcompat-v7:21.0.3:15:5
MERGED from com.android.support:support-v4:21.0.3:15:5
MERGED from com.google.android.gms:play-services:6.5.87:18:5
MERGED from com.android.support:support-v4:21.0.3:15:5
MERGED from com.embarkmobile:zxing-android-minimal:1.2.1:23:3
MERGED from com.crashlytics.sdk.android:crashlytics:2.3.2:7:5
MERGED from com.crashlytics.sdk.android:answers:1.2.2:7:5
MERGED from io.fabric.sdk.android:fabric:1.3.3:23:5
MERGED from io.fabric.sdk.android:fabric:1.3.3:23:5
MERGED from com.crashlytics.sdk.android:crashlytics-core:2.3.2:7:5
MERGED from com.crashlytics.sdk.android:answers:1.2.2:7:5
MERGED from io.fabric.sdk.android:fabric:1.3.3:23:5
MERGED from io.fabric.sdk.android:fabric:1.3.3:23:5
MERGED from com.crashlytics.sdk.android:beta:1.1.2:7:5
MERGED from com.github.worker8:tourguide:1.0.10-SNAPSHOT:7:5
MERGED from com.android.support:appcompat-v7:21.0.3:15:5
MERGED from com.android.support:support-v4:21.0.3:15:5
MERGED from net.i2p.android.ext:floatingactionbutton:1.9.0:8:5
	android:targetSdkVersion
		INJECTED from AndroidManifest.xml:0:0
		INJECTED from AndroidManifest.xml:0:0
	android:minSdkVersion
		INJECTED from AndroidManifest.xml:0:0
		INJECTED from AndroidManifest.xml:0:0
meta-data#com.google.android.gms.version
ADDED from com.google.android.gms:play-services:6.5.87:21:9
	android:name
		ADDED from com.google.android.gms:play-services:6.5.87:22:13
	android:value
		ADDED from com.google.android.gms:play-services:6.5.87:23:13
uses-permission#android.permission.VIBRATE
ADDED from com.embarkmobile:zxing-android-minimal:1.2.1:20:3
	android:name
		ADDED from com.embarkmobile:zxing-android-minimal:1.2.1:20:20
uses-permission#android.permission.FLASHLIGHT
ADDED from com.embarkmobile:zxing-android-minimal:1.2.1:21:3
	android:name
		ADDED from com.embarkmobile:zxing-android-minimal:1.2.1:21:20
uses-feature#android.hardware.camera
ADDED from com.embarkmobile:zxing-android-minimal:1.2.1:26:3
	android:required
		ADDED from com.embarkmobile:zxing-android-minimal:1.2.1:26:56
	android:name
		ADDED from com.embarkmobile:zxing-android-minimal:1.2.1:26:17
uses-feature#android.hardware.camera.front
ADDED from com.embarkmobile:zxing-android-minimal:1.2.1:27:3
	android:required
		ADDED from com.embarkmobile:zxing-android-minimal:1.2.1:27:62
	android:name
		ADDED from com.embarkmobile:zxing-android-minimal:1.2.1:27:17
uses-feature#android.hardware.camera.autofocus
ADDED from com.embarkmobile:zxing-android-minimal:1.2.1:30:3
	android:required
		ADDED from com.embarkmobile:zxing-android-minimal:1.2.1:30:66
	android:name
		ADDED from com.embarkmobile:zxing-android-minimal:1.2.1:30:17
uses-feature#android.hardware.camera.flash
ADDED from com.embarkmobile:zxing-android-minimal:1.2.1:31:3
	android:required
		ADDED from com.embarkmobile:zxing-android-minimal:1.2.1:31:62
	android:name
		ADDED from com.embarkmobile:zxing-android-minimal:1.2.1:31:17
uses-feature#android.hardware.screen.landscape
ADDED from com.embarkmobile:zxing-android-minimal:1.2.1:32:3
	android:required
		ADDED from com.embarkmobile:zxing-android-minimal:1.2.1:32:66
	android:name
		ADDED from com.embarkmobile:zxing-android-minimal:1.2.1:32:17
uses-feature#android.hardware.wifi
ADDED from com.embarkmobile:zxing-android-minimal:1.2.1:33:3
	android:required
		ADDED from com.embarkmobile:zxing-android-minimal:1.2.1:33:54
	android:name
		ADDED from com.embarkmobile:zxing-android-minimal:1.2.1:33:17
supports-screens
ADDED from com.embarkmobile:zxing-android-minimal:1.2.1:37:3
	android:largeScreens
		ADDED from com.embarkmobile:zxing-android-minimal:1.2.1:38:21
	android:anyDensity
		ADDED from com.embarkmobile:zxing-android-minimal:1.2.1:41:21
	android:normalScreens
		ADDED from com.embarkmobile:zxing-android-minimal:1.2.1:39:21
	android:xlargeScreens
		ADDED from com.embarkmobile:zxing-android-minimal:1.2.1:37:21
	android:smallScreens
		ADDED from com.embarkmobile:zxing-android-minimal:1.2.1:40:21
activity#com.google.zxing.client.android.CaptureActivity
ADDED from com.embarkmobile:zxing-android-minimal:1.2.1:44:7
	android:windowSoftInputMode
		ADDED from com.embarkmobile:zxing-android-minimal:1.2.1:44:291
	android:screenOrientation
		ADDED from com.embarkmobile:zxing-android-minimal:1.2.1:44:164
	android:configChanges
		ADDED from com.embarkmobile:zxing-android-minimal:1.2.1:44:50
	android:theme
		ADDED from com.embarkmobile:zxing-android-minimal:1.2.1:44:232
	android:stateNotNeeded
		ADDED from com.embarkmobile:zxing-android-minimal:1.2.1:44:202
	android:clearTaskOnLaunch
		ADDED from com.embarkmobile:zxing-android-minimal:1.2.1:44:17
	android:name
		ADDED from com.embarkmobile:zxing-android-minimal:1.2.1:44:101
activity#com.google.zxing.client.android.HelpActivity
ADDED from com.embarkmobile:zxing-android-minimal:1.2.1:45:7
	android:screenOrientation
		ADDED from com.embarkmobile:zxing-android-minimal:1.2.1:45:77
	android:name
		ADDED from com.embarkmobile:zxing-android-minimal:1.2.1:45:17